adm-zip;adm-zip-0.4.7
graceful-fs;graceful-fs-4.1.2
jsonfile;jsonfile-2.2.3
klaw;klaw-1.1.3
path-is-absolute;path-is-absolute-1.0.0
wrappy;wrappy-1.0.0
once;once-1.3.3
inflight;inflight-1.0.4
inherits;inherits-2.0.0
inherits;inherits-2.0.1
balanced-match;balanced-match-0.3.0
concat-map;concat-map-0.0.1
brace-expansion;brace-expansion-1.1.2
minimatch;minimatch-3.0.0
glob;glob-6.0.4
rimraf;rimraf-2.5.1
fs-extra;fs-extra-0.26.5
kew;kew-0.7.0
charenc;charenc-0.0.1
crypt;crypt-0.0.1
is-buffer;is-buffer-1.0.2
md5;md5-2.0.0
progress;progress-1.1.8
core-util-is;core-util-is-1.0.2
isarray;isarray-0.0.1
process-nextick-args;process-nextick-args-1.0.6
string_decoder;string_decoder-0.10.31
util-deprecate;util-deprecate-1.0.2
readable-stream;readable-stream-2.0.5
bl;bl-1.0.0
caseless;caseless-0.11.0
extend;extend-3.0.0
forever-agent;forever-agent-0.6.1
async;async-1.5.2
delayed-stream;delayed-stream-1.0.0
combined-stream;combined-stream-1.0.5
mime-db;mime-db-1.21.0
mime-types;mime-types-2.1.9
form-data;form-data-1.0.0-rc3
json-stringify-safe;json-stringify-safe-5.0.1
node-uuid;node-uuid-1.4.7
qs;qs-5.2.0
tunnel-agent;tunnel-agent-0.4.2
tough-cookie;tough-cookie-2.2.1
assert-plus;assert-plus-0.2.0
extsprintf;extsprintf-1.0.2
json-schema;json-schema-0.2.2
verror;verror-1.3.6
jsprim;jsprim-1.2.2
asn1;asn1-0.2.3
dashdash;dashdash-1.12.2
jsbn;jsbn-0.1.0
tweetnacl;tweetnacl-0.13.3
jodid25519;jodid25519-1.0.2
ecc-jsbn;ecc-jsbn-0.1.1
sshpk;sshpk-1.7.3
http-signature;http-signature-1.1.1
oauth-sign;oauth-sign-0.8.0
hoek;hoek-2.16.3
boom;boom-2.10.1
cryptiles;cryptiles-2.0.5
sntp;sntp-1.0.9
hawk;hawk-3.1.1
aws-sign2;aws-sign2-0.6.0
stringstream;stringstream-0.0.5
isstream;isstream-0.1.2
is-typedarray;is-typedarray-1.0.0
ansi-styles;ansi-styles-2.1.0
escape-string-regexp;escape-string-regexp-1.0.4
ansi-regex;ansi-regex-2.0.0
has-ansi;has-ansi-2.0.0
strip-ansi;strip-ansi-3.0.0
supports-color;supports-color-2.0.0
chalk;chalk-1.1.1
graceful-readlink;graceful-readlink-1.0.0
commander;commander-2.9.0
generate-function;generate-function-2.0.0
is-property;is-property-1.0.2
generate-object-property;generate-object-property-1.2.0
jsonpointer;jsonpointer-2.0.0
xtend;xtend-4.0.1
is-my-json-valid;is-my-json-valid-2.12.4
pinkie;pinkie-2.0.1
pinkie-promise;pinkie-promise-2.0.0
har-validator;har-validator-2.0.6
request;request-2.67.0
throttleit;throttleit-1.0.0
request-progress;request-progress-2.0.1
is-relative;is-relative-0.1.3
is-absolute;is-absolute-0.1.7
isexe;isexe-1.1.1
which;which-1.2.4
phantomjs;phantomjs-2.1.3
